Determining if the pthread_create exist failed with the following output:
Change Dir: /home/waarbubble/catkin_ws2/src/RMUASD/drone_monitor/build/CMakeFiles/CMakeTmp

Run Build Command:"/usr/bin/make" "cmTC_5a73e/fast"
/usr/bin/make -f CMakeFiles/cmTC_5a73e.dir/build.make CMakeFiles/cmTC_5a73e.dir/build
make[1]: Entering directory '/home/waarbubble/catkin_ws2/src/RMUASD/drone_monitor/build/CMakeFiles/CMakeTmp'
Building C object CMakeFiles/cmTC_5a73e.dir/CheckSymbolExists.c.o
/usr/bin/cc    -o CMakeFiles/cmTC_5a73e.dir/CheckSymbolExists.c.o   -c /home/waarbubble/catkin_ws2/src/RMUASD/drone_monitor/build/CMakeFiles/CMakeTmp/CheckSymbolExists.c
Linking C executable cmTC_5a73e
/opt/cmake-3.13.0-rc1-Linux-x86_64/bin/cmake -E cmake_link_script CMakeFiles/cmTC_5a73e.dir/link.txt --verbose=1
/usr/bin/cc      -rdynamic CMakeFiles/cmTC_5a73e.dir/CheckSymbolExists.c.o  -o cmTC_5a73e 
CMakeFiles/cmTC_5a73e.dir/CheckSymbolExists.c.o: In function `main':
CheckSymbolExists.c:(.text+0x16): undefined reference to `pthread_create'
collect2: error: ld returned 1 exit status
CMakeFiles/cmTC_5a73e.dir/build.make:86: recipe for target 'cmTC_5a73e' failed
make[1]: *** [cmTC_5a73e] Error 1
make[1]: Leaving directory '/home/waarbubble/catkin_ws2/src/RMUASD/drone_monitor/build/CMakeFiles/CMakeTmp'
Makefile:121: recipe for target 'cmTC_5a73e/fast' failed
make: *** [cmTC_5a73e/fast] Error 2

File /home/waarbubble/catkin_ws2/src/RMUASD/drone_monitor/build/CMakeFiles/CMakeTmp/CheckSymbolExists.c:
/* */
#include <pthread.h>

int main(int argc, char** argv)
{
  (void)argv;
#ifndef pthread_create
  return ((int*)(&pthread_create))[argc];
#else
  (void)argc;
  return 0;
#endif
}

Determining if the function pthread_create exists in the pthreads failed with the following output:
Change Dir: /home/waarbubble/catkin_ws2/src/RMUASD/drone_monitor/build/CMakeFiles/CMakeTmp

Run Build Command:"/usr/bin/make" "cmTC_35993/fast"
/usr/bin/make -f CMakeFiles/cmTC_35993.dir/build.make CMakeFiles/cmTC_35993.dir/build
make[1]: Entering directory '/home/waarbubble/catkin_ws2/src/RMUASD/drone_monitor/build/CMakeFiles/CMakeTmp'
Building C object CMakeFiles/cmTC_35993.dir/CheckFunctionExists.c.o
/usr/bin/cc   -DCHECK_FUNCTION_EXISTS=pthread_create   -o CMakeFiles/cmTC_35993.dir/CheckFunctionExists.c.o   -c /opt/cmake-3.13.0-rc1-Linux-x86_64/share/cmake-3.13/Modules/CheckFunctionExists.c
Linking C executable cmTC_35993
/opt/cmake-3.13.0-rc1-Linux-x86_64/bin/cmake -E cmake_link_script CMakeFiles/cmTC_35993.dir/link.txt --verbose=1
/usr/bin/cc  -DCHECK_FUNCTION_EXISTS=pthread_create    -rdynamic CMakeFiles/cmTC_35993.dir/CheckFunctionExists.c.o  -o cmTC_35993 -lpthreads 
/usr/bin/ld: cannot find -lpthreads
collect2: error: ld returned 1 exit status
CMakeFiles/cmTC_35993.dir/build.make:86: recipe for target 'cmTC_35993' failed
make[1]: *** [cmTC_35993] Error 1
make[1]: Leaving directory '/home/waarbubble/catkin_ws2/src/RMUASD/drone_monitor/build/CMakeFiles/CMakeTmp'
Makefile:121: recipe for target 'cmTC_35993/fast' failed
make: *** [cmTC_35993/fast] Error 2


Determining if the Q_WS_WIN exist failed with the following output:
Change Dir: /home/waarbubble/catkin_ws2/src/RMUASD/drone_monitor/build/CMakeFiles/CMakeTmp

Run Build Command:"/usr/bin/make" "cmTC_4dd5d/fast"
/usr/bin/make -f CMakeFiles/cmTC_4dd5d.dir/build.make CMakeFiles/cmTC_4dd5d.dir/build
make[1]: Entering directory '/home/waarbubble/catkin_ws2/src/RMUASD/drone_monitor/build/CMakeFiles/CMakeTmp'
Building CXX object CMakeFiles/cmTC_4dd5d.dir/CheckSymbolExists.cxx.o
/usr/bin/g++   -I/usr/include/qt4   -o CMakeFiles/cmTC_4dd5d.dir/CheckSymbolExists.cxx.o -c /home/waarbubble/catkin_ws2/src/RMUASD/drone_monitor/build/CMakeFiles/CMakeTmp/CheckSymbolExists.cxx
/home/waarbubble/catkin_ws2/src/RMUASD/drone_monitor/build/CMakeFiles/CMakeTmp/CheckSymbolExists.cxx: In function ‘int main(int, char**)’:
/home/waarbubble/catkin_ws2/src/RMUASD/drone_monitor/build/CMakeFiles/CMakeTmp/CheckSymbolExists.cxx:8:19: error: ‘Q_WS_WIN’ was not declared in this scope
   return ((int*)(&Q_WS_WIN))[argc];
                   ^
CMakeFiles/cmTC_4dd5d.dir/build.make:65: recipe for target 'CMakeFiles/cmTC_4dd5d.dir/CheckSymbolExists.cxx.o' failed
make[1]: *** [CMakeFiles/cmTC_4dd5d.dir/CheckSymbolExists.cxx.o] Error 1
make[1]: Leaving directory '/home/waarbubble/catkin_ws2/src/RMUASD/drone_monitor/build/CMakeFiles/CMakeTmp'
Makefile:121: recipe for target 'cmTC_4dd5d/fast' failed
make: *** [cmTC_4dd5d/fast] Error 2

File /home/waarbubble/catkin_ws2/src/RMUASD/drone_monitor/build/CMakeFiles/CMakeTmp/CheckSymbolExists.cxx:
/* */
#include <QtCore/qglobal.h>

int main(int argc, char** argv)
{
  (void)argv;
#ifndef Q_WS_WIN
  return ((int*)(&Q_WS_WIN))[argc];
#else
  (void)argc;
  return 0;
#endif
}

Determining if the Q_WS_QWS exist failed with the following output:
Change Dir: /home/waarbubble/catkin_ws2/src/RMUASD/drone_monitor/build/CMakeFiles/CMakeTmp

Run Build Command:"/usr/bin/make" "cmTC_fc9d3/fast"
/usr/bin/make -f CMakeFiles/cmTC_fc9d3.dir/build.make CMakeFiles/cmTC_fc9d3.dir/build
make[1]: Entering directory '/home/waarbubble/catkin_ws2/src/RMUASD/drone_monitor/build/CMakeFiles/CMakeTmp'
Building CXX object CMakeFiles/cmTC_fc9d3.dir/CheckSymbolExists.cxx.o
/usr/bin/g++   -I/usr/include/qt4   -o CMakeFiles/cmTC_fc9d3.dir/CheckSymbolExists.cxx.o -c /home/waarbubble/catkin_ws2/src/RMUASD/drone_monitor/build/CMakeFiles/CMakeTmp/CheckSymbolExists.cxx
/home/waarbubble/catkin_ws2/src/RMUASD/drone_monitor/build/CMakeFiles/CMakeTmp/CheckSymbolExists.cxx: In function ‘int main(int, char**)’:
/home/waarbubble/catkin_ws2/src/RMUASD/drone_monitor/build/CMakeFiles/CMakeTmp/CheckSymbolExists.cxx:8:19: error: ‘Q_WS_QWS’ was not declared in this scope
   return ((int*)(&Q_WS_QWS))[argc];
                   ^
CMakeFiles/cmTC_fc9d3.dir/build.make:65: recipe for target 'CMakeFiles/cmTC_fc9d3.dir/CheckSymbolExists.cxx.o' failed
make[1]: *** [CMakeFiles/cmTC_fc9d3.dir/CheckSymbolExists.cxx.o] Error 1
make[1]: Leaving directory '/home/waarbubble/catkin_ws2/src/RMUASD/drone_monitor/build/CMakeFiles/CMakeTmp'
Makefile:121: recipe for target 'cmTC_fc9d3/fast' failed
make: *** [cmTC_fc9d3/fast] Error 2

File /home/waarbubble/catkin_ws2/src/RMUASD/drone_monitor/build/CMakeFiles/CMakeTmp/CheckSymbolExists.cxx:
/* */
#include <QtCore/qglobal.h>

int main(int argc, char** argv)
{
  (void)argv;
#ifndef Q_WS_QWS
  return ((int*)(&Q_WS_QWS))[argc];
#else
  (void)argc;
  return 0;
#endif
}

Determining if the Q_WS_MAC exist failed with the following output:
Change Dir: /home/waarbubble/catkin_ws2/src/RMUASD/drone_monitor/build/CMakeFiles/CMakeTmp

Run Build Command:"/usr/bin/make" "cmTC_ba24c/fast"
/usr/bin/make -f CMakeFiles/cmTC_ba24c.dir/build.make CMakeFiles/cmTC_ba24c.dir/build
make[1]: Entering directory '/home/waarbubble/catkin_ws2/src/RMUASD/drone_monitor/build/CMakeFiles/CMakeTmp'
Building CXX object CMakeFiles/cmTC_ba24c.dir/CheckSymbolExists.cxx.o
/usr/bin/g++   -I/usr/include/qt4   -o CMakeFiles/cmTC_ba24c.dir/CheckSymbolExists.cxx.o -c /home/waarbubble/catkin_ws2/src/RMUASD/drone_monitor/build/CMakeFiles/CMakeTmp/CheckSymbolExists.cxx
/home/waarbubble/catkin_ws2/src/RMUASD/drone_monitor/build/CMakeFiles/CMakeTmp/CheckSymbolExists.cxx: In function ‘int main(int, char**)’:
/home/waarbubble/catkin_ws2/src/RMUASD/drone_monitor/build/CMakeFiles/CMakeTmp/CheckSymbolExists.cxx:8:19: error: ‘Q_WS_MAC’ was not declared in this scope
   return ((int*)(&Q_WS_MAC))[argc];
                   ^
CMakeFiles/cmTC_ba24c.dir/build.make:65: recipe for target 'CMakeFiles/cmTC_ba24c.dir/CheckSymbolExists.cxx.o' failed
make[1]: *** [CMakeFiles/cmTC_ba24c.dir/CheckSymbolExists.cxx.o] Error 1
make[1]: Leaving directory '/home/waarbubble/catkin_ws2/src/RMUASD/drone_monitor/build/CMakeFiles/CMakeTmp'
Makefile:121: recipe for target 'cmTC_ba24c/fast' failed
make: *** [cmTC_ba24c/fast] Error 2

File /home/waarbubble/catkin_ws2/src/RMUASD/drone_monitor/build/CMakeFiles/CMakeTmp/CheckSymbolExists.cxx:
/* */
#include <QtCore/qglobal.h>

int main(int argc, char** argv)
{
  (void)argv;
#ifndef Q_WS_MAC
  return ((int*)(&Q_WS_MAC))[argc];
#else
  (void)argc;
  return 0;
#endif
}

